{"/Users/victorsouza/Desktop/Developments/Teddy/src/atomic/molecules/ListClients/Body.tsx": {"path":"/Users/victorsouza/Desktop/Developments/Teddy/src/atomic/molecules/ListClients/Body.tsx","statementMap":{"0":{"start":{"line":10,"column":51},"end":{"line":60,"column":1}},"1":{"start":{"line":11,"column":4},"end":{"line":59,"column":6}},"2":{"start":{"line":15,"column":20},"end":{"line":56,"column":27}},"3":{"start":{"line":38,"column":40},"end":{"line":38,"column":52}},"4":{"start":{"line":44,"column":40},"end":{"line":44,"column":57}},"5":{"start":{"line":51,"column":40},"end":{"line":51,"column":59}}},"fnMap":{"0":{"name":"(anonymous_0)","decl":{"start":{"line":10,"column":51},"end":{"line":10,"column":52}},"loc":{"start":{"line":10,"column":105},"end":{"line":60,"column":1}},"line":10},"1":{"name":"(anonymous_1)","decl":{"start":{"line":14,"column":29},"end":{"line":14,"column":30}},"loc":{"start":{"line":15,"column":20},"end":{"line":56,"column":27}},"line":15},"2":{"name":"(anonymous_2)","decl":{"start":{"line":37,"column":45},"end":{"line":37,"column":46}},"loc":{"start":{"line":37,"column":51},"end":{"line":39,"column":37}},"line":37},"3":{"name":"(anonymous_3)","decl":{"start":{"line":43,"column":45},"end":{"line":43,"column":46}},"loc":{"start":{"line":43,"column":51},"end":{"line":45,"column":37}},"line":43},"4":{"name":"(anonymous_4)","decl":{"start":{"line":50,"column":45},"end":{"line":50,"column":46}},"loc":{"start":{"line":50,"column":51},"end":{"line":52,"column":37}},"line":50}},"branchMap":{"0":{"loc":{"start":{"line":13,"column":13},"end":{"line":57,"column":18}},"type":"binary-expr","locations":[{"start":{"line":13,"column":13},"end":{"line":13,"column":28}},{"start":{"line":14,"column":16},"end":{"line":57,"column":18}}],"line":13}},"s":{"0":2,"1":2,"2":20,"3":1,"4":1,"5":1},"f":{"0":2,"1":20,"2":1,"3":1,"4":1},"b":{"0":[2,2]},"_coverageSchema":"1a1c01bbd47fc00a2c39e90264f33305004495a9","hash":"aaf8ad348c7e3f092c45a2b8dc5956e5ad208e79"}
,"/Users/victorsouza/Desktop/Developments/Teddy/src/atomic/molecules/ListClients/Footer.tsx": {"path":"/Users/victorsouza/Desktop/Developments/Teddy/src/atomic/molecules/ListClients/Footer.tsx","statementMap":{"0":{"start":{"line":6,"column":70},"end":{"line":20,"column":1}},"1":{"start":{"line":7,"column":4},"end":{"line":19,"column":6}},"2":{"start":{"line":13,"column":40},"end":{"line":13,"column":59}},"3":{"start":{"line":22,"column":62},"end":{"line":28,"column":1}},"4":{"start":{"line":23,"column":4},"end":{"line":27,"column":6}}},"fnMap":{"0":{"name":"(anonymous_0)","decl":{"start":{"line":6,"column":70},"end":{"line":6,"column":71}},"loc":{"start":{"line":6,"column":101},"end":{"line":20,"column":1}},"line":6},"1":{"name":"(anonymous_1)","decl":{"start":{"line":13,"column":26},"end":{"line":13,"column":27}},"loc":{"start":{"line":13,"column":40},"end":{"line":13,"column":59}},"line":13},"2":{"name":"(anonymous_2)","decl":{"start":{"line":22,"column":62},"end":{"line":22,"column":63}},"loc":{"start":{"line":22,"column":79},"end":{"line":28,"column":1}},"line":22}},"branchMap":{},"s":{"0":2,"1":2,"2":1,"3":2,"4":2},"f":{"0":2,"1":1,"2":2},"b":{},"_coverageSchema":"1a1c01bbd47fc00a2c39e90264f33305004495a9","hash":"0828b64793b84390cc10576aed6e58fc70644657"}
,"/Users/victorsouza/Desktop/Developments/Teddy/src/atomic/molecules/ListClients/Header.tsx": {"path":"/Users/victorsouza/Desktop/Developments/Teddy/src/atomic/molecules/ListClients/Header.tsx","statementMap":{"0":{"start":{"line":6,"column":55},"end":{"line":36,"column":1}},"1":{"start":{"line":7,"column":4},"end":{"line":35,"column":6}},"2":{"start":{"line":25,"column":24},"end":{"line":25,"column":58}}},"fnMap":{"0":{"name":"(anonymous_0)","decl":{"start":{"line":6,"column":55},"end":{"line":6,"column":56}},"loc":{"start":{"line":6,"column":94},"end":{"line":36,"column":1}},"line":6},"1":{"name":"(anonymous_1)","decl":{"start":{"line":24,"column":30},"end":{"line":24,"column":31}},"loc":{"start":{"line":24,"column":46},"end":{"line":26,"column":21}},"line":24}},"branchMap":{},"s":{"0":2,"1":2,"2":0},"f":{"0":2,"1":0},"b":{},"_coverageSchema":"1a1c01bbd47fc00a2c39e90264f33305004495a9","hash":"1c37f0638c08476c26d64886d4ff0a9fce1b293f"}
,"/Users/victorsouza/Desktop/Developments/Teddy/src/atomic/organism/ListOrganism.tsx": {"path":"/Users/victorsouza/Desktop/Developments/Teddy/src/atomic/organism/ListOrganism.tsx","statementMap":{"0":{"start":{"line":8,"column":38},"end":{"line":19,"column":1}},"1":{"start":{"line":9,"column":4},"end":{"line":18,"column":6}}},"fnMap":{"0":{"name":"(anonymous_0)","decl":{"start":{"line":8,"column":38},"end":{"line":8,"column":39}},"loc":{"start":{"line":8,"column":68},"end":{"line":19,"column":1}},"line":8}},"branchMap":{},"s":{"0":1,"1":1},"f":{"0":1},"b":{},"_coverageSchema":"1a1c01bbd47fc00a2c39e90264f33305004495a9","hash":"1a6fe68eaaa9ace9bc34a351b455e6cebfd75e3b"}
,"/Users/victorsouza/Desktop/Developments/Teddy/src/context/Clients/Context.tsx": {"path":"/Users/victorsouza/Desktop/Developments/Teddy/src/context/Clients/Context.tsx","statementMap":{"0":{"start":{"line":6,"column":23},"end":{"line":30,"column":1}},"1":{"start":{"line":7,"column":34},"end":{"line":11,"column":6}},"2":{"start":{"line":12,"column":27},"end":{"line":15,"column":5}},"3":{"start":{"line":13,"column":25},"end":{"line":13,"column":46}},"4":{"start":{"line":14,"column":8},"end":{"line":14,"column":29}},"5":{"start":{"line":16,"column":4},"end":{"line":18,"column":11}},"6":{"start":{"line":17,"column":8},"end":{"line":17,"column":25}},"7":{"start":{"line":20,"column":4},"end":{"line":29,"column":6}}},"fnMap":{"0":{"name":"(anonymous_0)","decl":{"start":{"line":6,"column":23},"end":{"line":6,"column":24}},"loc":{"start":{"line":6,"column":48},"end":{"line":30,"column":1}},"line":6},"1":{"name":"(anonymous_1)","decl":{"start":{"line":12,"column":27},"end":{"line":12,"column":28}},"loc":{"start":{"line":12,"column":39},"end":{"line":15,"column":5}},"line":12},"2":{"name":"(anonymous_2)","decl":{"start":{"line":16,"column":14},"end":{"line":16,"column":15}},"loc":{"start":{"line":16,"column":20},"end":{"line":18,"column":5}},"line":16}},"branchMap":{},"s":{"0":1,"1":1,"2":1,"3":1,"4":0,"5":1,"6":1,"7":1},"f":{"0":1,"1":1,"2":1},"b":{},"_coverageSchema":"1a1c01bbd47fc00a2c39e90264f33305004495a9","hash":"6ab9e4453cfac1015d593110ada1f8130805749e"}
,"/Users/victorsouza/Desktop/Developments/Teddy/src/context/User/Context.tsx": {"path":"/Users/victorsouza/Desktop/Developments/Teddy/src/context/User/Context.tsx","statementMap":{"0":{"start":{"line":5,"column":13},"end":{"line":17,"column":1}},"1":{"start":{"line":6,"column":28},"end":{"line":6,"column":48}},"2":{"start":{"line":7,"column":4},"end":{"line":16,"column":6}}},"fnMap":{"0":{"name":"(anonymous_0)","decl":{"start":{"line":5,"column":13},"end":{"line":5,"column":14}},"loc":{"start":{"line":5,"column":38},"end":{"line":17,"column":1}},"line":5}},"branchMap":{},"s":{"0":1,"1":1,"2":1},"f":{"0":1},"b":{},"_coverageSchema":"1a1c01bbd47fc00a2c39e90264f33305004495a9","hash":"7ad0d82287945ff12a9039b799475f8ef61e3e58"}
,"/Users/victorsouza/Desktop/Developments/Teddy/src/hooks/useClients.ts": {"path":"/Users/victorsouza/Desktop/Developments/Teddy/src/hooks/useClients.ts","statementMap":{"0":{"start":{"line":5,"column":26},"end":{"line":82,"column":1}},"1":{"start":{"line":6,"column":28},"end":{"line":6,"column":40}},"2":{"start":{"line":8,"column":34},"end":{"line":8,"column":49}},"3":{"start":{"line":9,"column":26},"end":{"line":9,"column":45}},"4":{"start":{"line":11,"column":30},"end":{"line":18,"column":3}},"5":{"start":{"line":12,"column":4},"end":{"line":12,"column":22}},"6":{"start":{"line":14,"column":21},"end":{"line":14,"column":67}},"7":{"start":{"line":15,"column":4},"end":{"line":15,"column":25}},"8":{"start":{"line":16,"column":4},"end":{"line":16,"column":23}},"9":{"start":{"line":20,"column":24},"end":{"line":30,"column":3}},"10":{"start":{"line":21,"column":4},"end":{"line":29,"column":5}},"11":{"start":{"line":22,"column":6},"end":{"line":22,"column":24}},"12":{"start":{"line":23,"column":6},"end":{"line":23,"column":38}},"13":{"start":{"line":26,"column":6},"end":{"line":26,"column":17}},"14":{"start":{"line":28,"column":6},"end":{"line":28,"column":25}},"15":{"start":{"line":31,"column":29},"end":{"line":43,"column":3}},"16":{"start":{"line":32,"column":4},"end":{"line":40,"column":5}},"17":{"start":{"line":33,"column":6},"end":{"line":33,"column":33}},"18":{"start":{"line":34,"column":6},"end":{"line":34,"column":27}},"19":{"start":{"line":38,"column":6},"end":{"line":38,"column":25}},"20":{"start":{"line":44,"column":27},"end":{"line":55,"column":3}},"21":{"start":{"line":45,"column":4},"end":{"line":54,"column":5}},"22":{"start":{"line":46,"column":6},"end":{"line":46,"column":37}},"23":{"start":{"line":48,"column":6},"end":{"line":48,"column":27}},"24":{"start":{"line":52,"column":6},"end":{"line":52,"column":25}},"25":{"start":{"line":56,"column":29},"end":{"line":69,"column":3}},"26":{"start":{"line":57,"column":4},"end":{"line":68,"column":5}},"27":{"start":{"line":58,"column":6},"end":{"line":58,"column":24}},"28":{"start":{"line":60,"column":6},"end":{"line":60,"column":29}},"29":{"start":{"line":62,"column":6},"end":{"line":62,"column":27}},"30":{"start":{"line":66,"column":6},"end":{"line":66,"column":25}},"31":{"start":{"line":70,"column":2},"end":{"line":81,"column":3}}},"fnMap":{"0":{"name":"(anonymous_0)","decl":{"start":{"line":5,"column":26},"end":{"line":5,"column":27}},"loc":{"start":{"line":5,"column":32},"end":{"line":82,"column":1}},"line":5},"1":{"name":"(anonymous_1)","decl":{"start":{"line":11,"column":30},"end":{"line":11,"column":31}},"loc":{"start":{"line":11,"column":71},"end":{"line":18,"column":3}},"line":11},"2":{"name":"(anonymous_2)","decl":{"start":{"line":20,"column":24},"end":{"line":20,"column":25}},"loc":{"start":{"line":20,"column":46},"end":{"line":30,"column":3}},"line":20},"3":{"name":"(anonymous_3)","decl":{"start":{"line":31,"column":29},"end":{"line":31,"column":30}},"loc":{"start":{"line":31,"column":55},"end":{"line":43,"column":3}},"line":31},"4":{"name":"(anonymous_4)","decl":{"start":{"line":44,"column":27},"end":{"line":44,"column":28}},"loc":{"start":{"line":44,"column":65},"end":{"line":55,"column":3}},"line":44},"5":{"name":"(anonymous_5)","decl":{"start":{"line":56,"column":29},"end":{"line":56,"column":30}},"loc":{"start":{"line":56,"column":51},"end":{"line":69,"column":3}},"line":56}},"branchMap":{"0":{"loc":{"start":{"line":11,"column":37},"end":{"line":11,"column":45}},"type":"default-arg","locations":[{"start":{"line":11,"column":44},"end":{"line":11,"column":45}}],"line":11},"1":{"loc":{"start":{"line":14,"column":47},"end":{"line":14,"column":66}},"type":"binary-expr","locations":[{"start":{"line":14,"column":47},"end":{"line":14,"column":57}},{"start":{"line":14,"column":61},"end":{"line":14,"column":66}}],"line":14}},"s":{"0":1,"1":10,"2":10,"3":10,"4":10,"5":4,"6":4,"7":4,"8":4,"9":10,"10":1,"11":1,"12":1,"13":0,"14":1,"15":10,"16":1,"17":1,"18":1,"19":1,"20":10,"21":1,"22":1,"23":1,"24":1,"25":10,"26":1,"27":1,"28":1,"29":1,"30":1,"31":10},"f":{"0":10,"1":4,"2":1,"3":1,"4":1,"5":1},"b":{"0":[4],"1":[4,4]},"_coverageSchema":"1a1c01bbd47fc00a2c39e90264f33305004495a9","hash":"ae3c308cdcd0e49bb52fc68dd545c16d2d5d7309"}
,"/Users/victorsouza/Desktop/Developments/Teddy/src/pages/ListClients/components/Modals/CreateClient.tsx": {"path":"/Users/victorsouza/Desktop/Developments/Teddy/src/pages/ListClients/components/Modals/CreateClient.tsx","statementMap":{"0":{"start":{"line":16,"column":38},"end":{"line":62,"column":1}},"1":{"start":{"line":17,"column":4},"end":{"line":61,"column":6}},"2":{"start":{"line":26,"column":20},"end":{"line":26,"column":52}},"3":{"start":{"line":36,"column":20},"end":{"line":36,"column":78}},"4":{"start":{"line":46,"column":20},"end":{"line":46,"column":88}}},"fnMap":{"0":{"name":"(anonymous_0)","decl":{"start":{"line":16,"column":38},"end":{"line":16,"column":39}},"loc":{"start":{"line":16,"column":107},"end":{"line":62,"column":1}},"line":16},"1":{"name":"(anonymous_1)","decl":{"start":{"line":25,"column":26},"end":{"line":25,"column":27}},"loc":{"start":{"line":25,"column":45},"end":{"line":27,"column":17}},"line":25},"2":{"name":"(anonymous_2)","decl":{"start":{"line":35,"column":26},"end":{"line":35,"column":27}},"loc":{"start":{"line":35,"column":45},"end":{"line":37,"column":17}},"line":35},"3":{"name":"(anonymous_3)","decl":{"start":{"line":45,"column":26},"end":{"line":45,"column":27}},"loc":{"start":{"line":45,"column":45},"end":{"line":47,"column":17}},"line":45}},"branchMap":{"0":{"loc":{"start":{"line":20,"column":23},"end":{"line":20,"column":57}},"type":"binary-expr","locations":[{"start":{"line":20,"column":23},"end":{"line":20,"column":38}},{"start":{"line":20,"column":42},"end":{"line":20,"column":57}}],"line":20},"1":{"loc":{"start":{"line":30,"column":23},"end":{"line":30,"column":84}},"type":"binary-expr","locations":[{"start":{"line":30,"column":23},"end":{"line":30,"column":65}},{"start":{"line":30,"column":69},"end":{"line":30,"column":84}}],"line":30},"2":{"loc":{"start":{"line":40,"column":23},"end":{"line":40,"column":94}},"type":"binary-expr","locations":[{"start":{"line":40,"column":23},"end":{"line":40,"column":75}},{"start":{"line":40,"column":79},"end":{"line":40,"column":94}}],"line":40}},"s":{"0":1,"1":1,"2":1,"3":1,"4":1},"f":{"0":1,"1":1,"2":1,"3":1},"b":{"0":[1,0],"1":[1,0],"2":[1,0]},"_coverageSchema":"1a1c01bbd47fc00a2c39e90264f33305004495a9","hash":"fbde758336f8cd220a65ea10753973b9f256ffc8"}
,"/Users/victorsouza/Desktop/Developments/Teddy/src/pages/ListClients/components/Modals/DeleteClient.tsx": {"path":"/Users/victorsouza/Desktop/Developments/Teddy/src/pages/ListClients/components/Modals/DeleteClient.tsx","statementMap":{"0":{"start":{"line":12,"column":38},"end":{"line":31,"column":1}},"1":{"start":{"line":13,"column":4},"end":{"line":30,"column":6}}},"fnMap":{"0":{"name":"(anonymous_0)","decl":{"start":{"line":12,"column":38},"end":{"line":12,"column":39}},"loc":{"start":{"line":12,"column":85},"end":{"line":31,"column":1}},"line":12}},"branchMap":{},"s":{"0":1,"1":1},"f":{"0":1},"b":{},"_coverageSchema":"1a1c01bbd47fc00a2c39e90264f33305004495a9","hash":"9c6eb5c43e65cb4febf6ee362b73a3e423767307"}
,"/Users/victorsouza/Desktop/Developments/Teddy/src/pages/ListClients/components/Modals/EditClient.tsx": {"path":"/Users/victorsouza/Desktop/Developments/Teddy/src/pages/ListClients/components/Modals/EditClient.tsx","statementMap":{"0":{"start":{"line":16,"column":36},"end":{"line":62,"column":1}},"1":{"start":{"line":17,"column":4},"end":{"line":61,"column":6}},"2":{"start":{"line":26,"column":20},"end":{"line":26,"column":52}},"3":{"start":{"line":36,"column":20},"end":{"line":36,"column":78}},"4":{"start":{"line":46,"column":20},"end":{"line":46,"column":88}}},"fnMap":{"0":{"name":"(anonymous_0)","decl":{"start":{"line":16,"column":36},"end":{"line":16,"column":37}},"loc":{"start":{"line":16,"column":105},"end":{"line":62,"column":1}},"line":16},"1":{"name":"(anonymous_1)","decl":{"start":{"line":25,"column":26},"end":{"line":25,"column":27}},"loc":{"start":{"line":25,"column":45},"end":{"line":27,"column":17}},"line":25},"2":{"name":"(anonymous_2)","decl":{"start":{"line":35,"column":26},"end":{"line":35,"column":27}},"loc":{"start":{"line":35,"column":45},"end":{"line":37,"column":17}},"line":35},"3":{"name":"(anonymous_3)","decl":{"start":{"line":45,"column":26},"end":{"line":45,"column":27}},"loc":{"start":{"line":45,"column":45},"end":{"line":47,"column":17}},"line":45}},"branchMap":{"0":{"loc":{"start":{"line":20,"column":23},"end":{"line":20,"column":57}},"type":"binary-expr","locations":[{"start":{"line":20,"column":23},"end":{"line":20,"column":38}},{"start":{"line":20,"column":42},"end":{"line":20,"column":57}}],"line":20},"1":{"loc":{"start":{"line":30,"column":23},"end":{"line":30,"column":84}},"type":"binary-expr","locations":[{"start":{"line":30,"column":23},"end":{"line":30,"column":65}},{"start":{"line":30,"column":69},"end":{"line":30,"column":84}}],"line":30},"2":{"loc":{"start":{"line":40,"column":23},"end":{"line":40,"column":94}},"type":"binary-expr","locations":[{"start":{"line":40,"column":23},"end":{"line":40,"column":75}},{"start":{"line":40,"column":79},"end":{"line":40,"column":94}}],"line":40}},"s":{"0":1,"1":1,"2":1,"3":1,"4":1},"f":{"0":1,"1":1,"2":1,"3":1},"b":{"0":[1,0],"1":[1,0],"2":[1,0]},"_coverageSchema":"1a1c01bbd47fc00a2c39e90264f33305004495a9","hash":"4d77850bbf715e9ad7914e7a4973650d112ac979"}
,"/Users/victorsouza/Desktop/Developments/Teddy/src/services/user.ts": {"path":"/Users/victorsouza/Desktop/Developments/Teddy/src/services/user.ts","statementMap":{"0":{"start":{"line":23,"column":29},"end":{"line":29,"column":1}},"1":{"start":{"line":25,"column":18},"end":{"line":27,"column":3}},"2":{"start":{"line":28,"column":1},"end":{"line":28,"column":21}},"3":{"start":{"line":30,"column":30},"end":{"line":38,"column":1}},"4":{"start":{"line":31,"column":18},"end":{"line":35,"column":3}},"5":{"start":{"line":36,"column":1},"end":{"line":36,"column":21}},"6":{"start":{"line":39,"column":26},"end":{"line":43,"column":1}},"7":{"start":{"line":40,"column":18},"end":{"line":40,"column":48}},"8":{"start":{"line":42,"column":1},"end":{"line":42,"column":21}},"9":{"start":{"line":44,"column":26},"end":{"line":48,"column":1}},"10":{"start":{"line":45,"column":18},"end":{"line":45,"column":55}},"11":{"start":{"line":47,"column":1},"end":{"line":47,"column":21}},"12":{"start":{"line":49,"column":28},"end":{"line":53,"column":1}},"13":{"start":{"line":50,"column":18},"end":{"line":50,"column":50}},"14":{"start":{"line":52,"column":1},"end":{"line":52,"column":21}}},"fnMap":{"0":{"name":"(anonymous_0)","decl":{"start":{"line":23,"column":29},"end":{"line":23,"column":30}},"loc":{"start":{"line":23,"column":89},"end":{"line":29,"column":1}},"line":23},"1":{"name":"(anonymous_1)","decl":{"start":{"line":30,"column":30},"end":{"line":30,"column":31}},"loc":{"start":{"line":30,"column":69},"end":{"line":38,"column":1}},"line":30},"2":{"name":"(anonymous_2)","decl":{"start":{"line":39,"column":26},"end":{"line":39,"column":27}},"loc":{"start":{"line":39,"column":48},"end":{"line":43,"column":1}},"line":39},"3":{"name":"(anonymous_3)","decl":{"start":{"line":44,"column":26},"end":{"line":44,"column":27}},"loc":{"start":{"line":44,"column":60},"end":{"line":48,"column":1}},"line":44},"4":{"name":"(anonymous_4)","decl":{"start":{"line":49,"column":28},"end":{"line":49,"column":29}},"loc":{"start":{"line":49,"column":50},"end":{"line":53,"column":1}},"line":49}},"branchMap":{"0":{"loc":{"start":{"line":23,"column":36},"end":{"line":23,"column":52}},"type":"default-arg","locations":[{"start":{"line":23,"column":51},"end":{"line":23,"column":52}}],"line":23},"1":{"loc":{"start":{"line":23,"column":54},"end":{"line":23,"column":64}},"type":"default-arg","locations":[{"start":{"line":23,"column":62},"end":{"line":23,"column":64}}],"line":23}},"s":{"0":3,"1":2,"2":1,"3":3,"4":1,"5":1,"6":3,"7":1,"8":1,"9":3,"10":1,"11":1,"12":3,"13":1,"14":1},"f":{"0":2,"1":1,"2":1,"3":1,"4":1},"b":{"0":[1],"1":[1]},"_coverageSchema":"1a1c01bbd47fc00a2c39e90264f33305004495a9","hash":"aa6f374da8e81fb5deaaaa9e035cf7745e371116"}
,"/Users/victorsouza/Desktop/Developments/Teddy/src/utils/formatCurrency.ts": {"path":"/Users/victorsouza/Desktop/Developments/Teddy/src/utils/formatCurrency.ts","statementMap":{"0":{"start":{"line":2,"column":1},"end":{"line":5,"column":37}},"1":{"start":{"line":9,"column":38},"end":{"line":14,"column":1}},"2":{"start":{"line":10,"column":20},"end":{"line":10,"column":44}},"3":{"start":{"line":11,"column":24},"end":{"line":11,"column":63}},"4":{"start":{"line":13,"column":1},"end":{"line":13,"column":23}},"5":{"start":{"line":16,"column":31},"end":{"line":22,"column":1}},"6":{"start":{"line":17,"column":22},"end":{"line":19,"column":20}},"7":{"start":{"line":21,"column":1},"end":{"line":21,"column":33}}},"fnMap":{"0":{"name":"formatCurency","decl":{"start":{"line":1,"column":16},"end":{"line":1,"column":29}},"loc":{"start":{"line":1,"column":45},"end":{"line":6,"column":1}},"line":1},"1":{"name":"(anonymous_1)","decl":{"start":{"line":9,"column":38},"end":{"line":9,"column":39}},"loc":{"start":{"line":9,"column":57},"end":{"line":14,"column":1}},"line":9},"2":{"name":"(anonymous_2)","decl":{"start":{"line":16,"column":31},"end":{"line":16,"column":32}},"loc":{"start":{"line":16,"column":59},"end":{"line":22,"column":1}},"line":16}},"branchMap":{},"s":{"0":46,"1":4,"2":5,"3":5,"4":5,"5":4,"6":5,"7":5},"f":{"0":46,"1":5,"2":5},"b":{},"_coverageSchema":"1a1c01bbd47fc00a2c39e90264f33305004495a9","hash":"ed624fb8ea1f3e0880c7bcbc19e1e3f3f25421b5"}
}
