{"/Users/victorsouza/Desktop/Developments/Teddy/src/App.tsx": {"path":"/Users/victorsouza/Desktop/Developments/Teddy/src/App.tsx","statementMap":{"0":{"start":{"line":8,"column":12},"end":{"line":19,"column":1}},"1":{"start":{"line":9,"column":4},"end":{"line":18,"column":11}}},"fnMap":{"0":{"name":"(anonymous_0)","decl":{"start":{"line":8,"column":12},"end":{"line":8,"column":13}},"loc":{"start":{"line":9,"column":4},"end":{"line":18,"column":11}},"line":9}},"branchMap":{},"s":{"0":0,"1":0},"f":{"0":0},"b":{}}
,"/Users/victorsouza/Desktop/Developments/Teddy/src/main.tsx": {"path":"/Users/victorsouza/Desktop/Developments/Teddy/src/main.tsx","statementMap":{"0":{"start":{"line":5,"column":0},"end":{"line":9,"column":1}}},"fnMap":{},"branchMap":{},"s":{"0":0},"f":{},"b":{}}
,"/Users/victorsouza/Desktop/Developments/Teddy/src/atomic/atoms/Input/index.tsx": {"path":"/Users/victorsouza/Desktop/Developments/Teddy/src/atomic/atoms/Input/index.tsx","statementMap":{"0":{"start":{"line":5,"column":14},"end":{"line":21,"column":1}},"1":{"start":{"line":6,"column":4},"end":{"line":20,"column":6}},"2":{"start":{"line":16,"column":29},"end":{"line":16,"column":53}}},"fnMap":{"0":{"name":"(anonymous_0)","decl":{"start":{"line":5,"column":14},"end":{"line":5,"column":15}},"loc":{"start":{"line":5,"column":65},"end":{"line":21,"column":1}},"line":5},"1":{"name":"(anonymous_1)","decl":{"start":{"line":16,"column":22},"end":{"line":16,"column":23}},"loc":{"start":{"line":16,"column":29},"end":{"line":16,"column":53}},"line":16}},"branchMap":{"0":{"loc":{"start":{"line":5,"column":41},"end":{"line":5,"column":51}},"type":"default-arg","locations":[{"start":{"line":5,"column":49},"end":{"line":5,"column":51}}],"line":5}},"s":{"0":0,"1":0,"2":0},"f":{"0":0,"1":0},"b":{"0":[0]}}
,"/Users/victorsouza/Desktop/Developments/Teddy/src/atomic/molecules/BasicModal/index.tsx": {"path":"/Users/victorsouza/Desktop/Developments/Teddy/src/atomic/molecules/BasicModal/index.tsx","statementMap":{"0":{"start":{"line":10,"column":24},"end":{"line":10,"column":44}},"1":{"start":{"line":10,"column":30},"end":{"line":10,"column":44}},"2":{"start":{"line":12,"column":4},"end":{"line":26,"column":6}}},"fnMap":{"0":{"name":"BasicModal","decl":{"start":{"line":9,"column":24},"end":{"line":9,"column":34}},"loc":{"start":{"line":9,"column":81},"end":{"line":27,"column":1}},"line":9},"1":{"name":"(anonymous_1)","decl":{"start":{"line":10,"column":24},"end":{"line":10,"column":25}},"loc":{"start":{"line":10,"column":30},"end":{"line":10,"column":44}},"line":10}},"branchMap":{},"s":{"0":0,"1":0,"2":0},"f":{"0":0,"1":0},"b":{}}
,"/Users/victorsouza/Desktop/Developments/Teddy/src/atomic/molecules/ListClients/Body.tsx": {"path":"/Users/victorsouza/Desktop/Developments/Teddy/src/atomic/molecules/ListClients/Body.tsx","statementMap":{"0":{"start":{"line":10,"column":51},"end":{"line":53,"column":1}},"1":{"start":{"line":11,"column":4},"end":{"line":52,"column":6}},"2":{"start":{"line":15,"column":20},"end":{"line":49,"column":27}},"3":{"start":{"line":38,"column":40},"end":{"line":38,"column":57}},"4":{"start":{"line":44,"column":40},"end":{"line":44,"column":59}}},"fnMap":{"0":{"name":"(anonymous_0)","decl":{"start":{"line":10,"column":51},"end":{"line":10,"column":52}},"loc":{"start":{"line":10,"column":105},"end":{"line":53,"column":1}},"line":10},"1":{"name":"(anonymous_1)","decl":{"start":{"line":14,"column":29},"end":{"line":14,"column":30}},"loc":{"start":{"line":15,"column":20},"end":{"line":49,"column":27}},"line":15},"2":{"name":"(anonymous_2)","decl":{"start":{"line":37,"column":45},"end":{"line":37,"column":46}},"loc":{"start":{"line":37,"column":51},"end":{"line":39,"column":37}},"line":37},"3":{"name":"(anonymous_3)","decl":{"start":{"line":43,"column":45},"end":{"line":43,"column":46}},"loc":{"start":{"line":43,"column":51},"end":{"line":45,"column":37}},"line":43}},"branchMap":{"0":{"loc":{"start":{"line":13,"column":13},"end":{"line":50,"column":18}},"type":"binary-expr","locations":[{"start":{"line":13,"column":13},"end":{"line":13,"column":28}},{"start":{"line":14,"column":16},"end":{"line":50,"column":18}}],"line":13}},"s":{"0":0,"1":0,"2":0,"3":0,"4":0},"f":{"0":0,"1":0,"2":0,"3":0},"b":{"0":[0,0]}}
,"/Users/victorsouza/Desktop/Developments/Teddy/src/atomic/molecules/ListClients/Footer.tsx": {"path":"/Users/victorsouza/Desktop/Developments/Teddy/src/atomic/molecules/ListClients/Footer.tsx","statementMap":{"0":{"start":{"line":6,"column":70},"end":{"line":19,"column":1}},"1":{"start":{"line":7,"column":4},"end":{"line":18,"column":6}},"2":{"start":{"line":12,"column":40},"end":{"line":12,"column":59}},"3":{"start":{"line":21,"column":62},"end":{"line":27,"column":1}},"4":{"start":{"line":22,"column":4},"end":{"line":26,"column":6}}},"fnMap":{"0":{"name":"(anonymous_0)","decl":{"start":{"line":6,"column":70},"end":{"line":6,"column":71}},"loc":{"start":{"line":6,"column":101},"end":{"line":19,"column":1}},"line":6},"1":{"name":"(anonymous_1)","decl":{"start":{"line":12,"column":26},"end":{"line":12,"column":27}},"loc":{"start":{"line":12,"column":40},"end":{"line":12,"column":59}},"line":12},"2":{"name":"(anonymous_2)","decl":{"start":{"line":21,"column":62},"end":{"line":21,"column":63}},"loc":{"start":{"line":21,"column":79},"end":{"line":27,"column":1}},"line":21}},"branchMap":{},"s":{"0":0,"1":0,"2":0,"3":0,"4":0},"f":{"0":0,"1":0,"2":0},"b":{}}
,"/Users/victorsouza/Desktop/Developments/Teddy/src/atomic/molecules/ListClients/Header.tsx": {"path":"/Users/victorsouza/Desktop/Developments/Teddy/src/atomic/molecules/ListClients/Header.tsx","statementMap":{"0":{"start":{"line":6,"column":55},"end":{"line":36,"column":1}},"1":{"start":{"line":7,"column":4},"end":{"line":35,"column":6}},"2":{"start":{"line":25,"column":24},"end":{"line":25,"column":58}}},"fnMap":{"0":{"name":"(anonymous_0)","decl":{"start":{"line":6,"column":55},"end":{"line":6,"column":56}},"loc":{"start":{"line":6,"column":94},"end":{"line":36,"column":1}},"line":6},"1":{"name":"(anonymous_1)","decl":{"start":{"line":24,"column":30},"end":{"line":24,"column":31}},"loc":{"start":{"line":24,"column":46},"end":{"line":26,"column":21}},"line":24}},"branchMap":{},"s":{"0":0,"1":0,"2":0},"f":{"0":0,"1":0},"b":{}}
,"/Users/victorsouza/Desktop/Developments/Teddy/src/atomic/molecules/ListClients/index.ts": {"path":"/Users/victorsouza/Desktop/Developments/Teddy/src/atomic/molecules/ListClients/index.ts","statementMap":{},"fnMap":{},"branchMap":{},"s":{},"f":{},"b":{}}
,"/Users/victorsouza/Desktop/Developments/Teddy/src/atomic/molecules/LoagindSpinner/index.tsx": {"path":"/Users/victorsouza/Desktop/Developments/Teddy/src/atomic/molecules/LoagindSpinner/index.tsx","statementMap":{"0":{"start":{"line":4,"column":23},"end":{"line":12,"column":1}},"1":{"start":{"line":5,"column":4},"end":{"line":5,"column":27}},"2":{"start":{"line":5,"column":15},"end":{"line":5,"column":27}},"3":{"start":{"line":7,"column":4},"end":{"line":11,"column":6}},"4":{"start":{"line":8,"column":34},"end":{"line":8,"column":69}}},"fnMap":{"0":{"name":"(anonymous_0)","decl":{"start":{"line":4,"column":23},"end":{"line":4,"column":24}},"loc":{"start":{"line":4,"column":44},"end":{"line":12,"column":1}},"line":4},"1":{"name":"(anonymous_1)","decl":{"start":{"line":8,"column":22},"end":{"line":8,"column":23}},"loc":{"start":{"line":8,"column":34},"end":{"line":8,"column":69}},"line":8}},"branchMap":{"0":{"loc":{"start":{"line":5,"column":4},"end":{"line":5,"column":27}},"type":"if","locations":[{"start":{"line":5,"column":4},"end":{"line":5,"column":27}},{"start":{},"end":{}}],"line":5}},"s":{"0":0,"1":0,"2":0,"3":0,"4":0},"f":{"0":0,"1":0},"b":{"0":[0,0]}}
,"/Users/victorsouza/Desktop/Developments/Teddy/src/atomic/organism/ListOrganism.tsx": {"path":"/Users/victorsouza/Desktop/Developments/Teddy/src/atomic/organism/ListOrganism.tsx","statementMap":{"0":{"start":{"line":8,"column":38},"end":{"line":19,"column":1}},"1":{"start":{"line":9,"column":4},"end":{"line":18,"column":6}}},"fnMap":{"0":{"name":"(anonymous_0)","decl":{"start":{"line":8,"column":38},"end":{"line":8,"column":39}},"loc":{"start":{"line":8,"column":68},"end":{"line":19,"column":1}},"line":8}},"branchMap":{},"s":{"0":0,"1":0},"f":{"0":0},"b":{}}
,"/Users/victorsouza/Desktop/Developments/Teddy/src/context/Clients/Context.tsx": {"path":"/Users/victorsouza/Desktop/Developments/Teddy/src/context/Clients/Context.tsx","statementMap":{"0":{"start":{"line":6,"column":23},"end":{"line":30,"column":1}},"1":{"start":{"line":7,"column":34},"end":{"line":11,"column":6}},"2":{"start":{"line":12,"column":27},"end":{"line":15,"column":5}},"3":{"start":{"line":13,"column":25},"end":{"line":13,"column":44}},"4":{"start":{"line":14,"column":8},"end":{"line":14,"column":29}},"5":{"start":{"line":16,"column":4},"end":{"line":18,"column":11}},"6":{"start":{"line":17,"column":8},"end":{"line":17,"column":25}},"7":{"start":{"line":20,"column":4},"end":{"line":29,"column":6}}},"fnMap":{"0":{"name":"(anonymous_0)","decl":{"start":{"line":6,"column":23},"end":{"line":6,"column":24}},"loc":{"start":{"line":6,"column":48},"end":{"line":30,"column":1}},"line":6},"1":{"name":"(anonymous_1)","decl":{"start":{"line":12,"column":27},"end":{"line":12,"column":28}},"loc":{"start":{"line":12,"column":39},"end":{"line":15,"column":5}},"line":12},"2":{"name":"(anonymous_2)","decl":{"start":{"line":16,"column":14},"end":{"line":16,"column":15}},"loc":{"start":{"line":16,"column":20},"end":{"line":18,"column":5}},"line":16}},"branchMap":{},"s":{"0":1,"1":1,"2":1,"3":1,"4":0,"5":1,"6":1,"7":1},"f":{"0":1,"1":1,"2":1},"b":{},"_coverageSchema":"1a1c01bbd47fc00a2c39e90264f33305004495a9","hash":"84f1f96e74237d20650a86c0c8d8eca97be40959"}
,"/Users/victorsouza/Desktop/Developments/Teddy/src/context/Clients/index.tsx": {"path":"/Users/victorsouza/Desktop/Developments/Teddy/src/context/Clients/index.tsx","statementMap":{"0":{"start":{"line":3,"column":30},"end":{"line":3,"column":77}},"1":{"start":{"line":5,"column":33},"end":{"line":13,"column":1}},"2":{"start":{"line":6,"column":20},"end":{"line":6,"column":46}},"3":{"start":{"line":8,"column":4},"end":{"line":10,"column":5}},"4":{"start":{"line":9,"column":8},"end":{"line":9,"column":79}},"5":{"start":{"line":12,"column":4},"end":{"line":12,"column":19}}},"fnMap":{"0":{"name":"(anonymous_0)","decl":{"start":{"line":5,"column":33},"end":{"line":5,"column":34}},"loc":{"start":{"line":5,"column":39},"end":{"line":13,"column":1}},"line":5}},"branchMap":{"0":{"loc":{"start":{"line":8,"column":4},"end":{"line":10,"column":5}},"type":"if","locations":[{"start":{"line":8,"column":4},"end":{"line":10,"column":5}},{"start":{},"end":{}}],"line":8}},"s":{"0":1,"1":1,"2":2,"3":2,"4":1,"5":1},"f":{"0":2},"b":{"0":[1,1]},"_coverageSchema":"1a1c01bbd47fc00a2c39e90264f33305004495a9","hash":"5f1fbbef3e97b998ea9fa1f192f5a354c8c68d0a"}
,"/Users/victorsouza/Desktop/Developments/Teddy/src/context/User/Context.tsx": {"path":"/Users/victorsouza/Desktop/Developments/Teddy/src/context/User/Context.tsx","statementMap":{"0":{"start":{"line":5,"column":13},"end":{"line":17,"column":1}},"1":{"start":{"line":6,"column":28},"end":{"line":6,"column":48}},"2":{"start":{"line":7,"column":4},"end":{"line":16,"column":6}}},"fnMap":{"0":{"name":"(anonymous_0)","decl":{"start":{"line":5,"column":13},"end":{"line":5,"column":14}},"loc":{"start":{"line":5,"column":38},"end":{"line":17,"column":1}},"line":5}},"branchMap":{},"s":{"0":1,"1":1,"2":1},"f":{"0":1},"b":{},"_coverageSchema":"1a1c01bbd47fc00a2c39e90264f33305004495a9","hash":"7ad0d82287945ff12a9039b799475f8ef61e3e58"}
,"/Users/victorsouza/Desktop/Developments/Teddy/src/context/User/index.tsx": {"path":"/Users/victorsouza/Desktop/Developments/Teddy/src/context/User/index.tsx","statementMap":{"0":{"start":{"line":3,"column":27},"end":{"line":3,"column":70}},"1":{"start":{"line":5,"column":30},"end":{"line":13,"column":1}},"2":{"start":{"line":6,"column":20},"end":{"line":6,"column":43}},"3":{"start":{"line":8,"column":4},"end":{"line":10,"column":5}},"4":{"start":{"line":9,"column":8},"end":{"line":9,"column":79}},"5":{"start":{"line":12,"column":4},"end":{"line":12,"column":19}}},"fnMap":{"0":{"name":"(anonymous_0)","decl":{"start":{"line":5,"column":30},"end":{"line":5,"column":31}},"loc":{"start":{"line":5,"column":36},"end":{"line":13,"column":1}},"line":5}},"branchMap":{"0":{"loc":{"start":{"line":8,"column":4},"end":{"line":10,"column":5}},"type":"if","locations":[{"start":{"line":8,"column":4},"end":{"line":10,"column":5}},{"start":{},"end":{}}],"line":8}},"s":{"0":1,"1":1,"2":3,"3":3,"4":2,"5":1},"f":{"0":3},"b":{"0":[2,1]},"_coverageSchema":"1a1c01bbd47fc00a2c39e90264f33305004495a9","hash":"00f5fa10cff8c59e4fb97d756bdfb7c71081a84a"}
,"/Users/victorsouza/Desktop/Developments/Teddy/src/hooks/useClients.ts": {"path":"/Users/victorsouza/Desktop/Developments/Teddy/src/hooks/useClients.ts","statementMap":{"0":{"start":{"line":5,"column":26},"end":{"line":81,"column":1}},"1":{"start":{"line":6,"column":33},"end":{"line":6,"column":48}},"2":{"start":{"line":7,"column":25},"end":{"line":7,"column":44}},"3":{"start":{"line":11,"column":29},"end":{"line":18,"column":2}},"4":{"start":{"line":12,"column":2},"end":{"line":12,"column":20}},"5":{"start":{"line":14,"column":19},"end":{"line":14,"column":49}},"6":{"start":{"line":15,"column":2},"end":{"line":15,"column":23}},"7":{"start":{"line":16,"column":2},"end":{"line":16,"column":21}},"8":{"start":{"line":21,"column":23},"end":{"line":31,"column":2}},"9":{"start":{"line":22,"column":2},"end":{"line":30,"column":3}},"10":{"start":{"line":23,"column":3},"end":{"line":23,"column":21}},"11":{"start":{"line":24,"column":3},"end":{"line":24,"column":32}},"12":{"start":{"line":27,"column":3},"end":{"line":27,"column":14}},"13":{"start":{"line":29,"column":3},"end":{"line":29,"column":22}},"14":{"start":{"line":32,"column":26},"end":{"line":44,"column":2}},"15":{"start":{"line":33,"column":2},"end":{"line":41,"column":3}},"16":{"start":{"line":34,"column":3},"end":{"line":34,"column":30}},"17":{"start":{"line":35,"column":3},"end":{"line":35,"column":24}},"18":{"start":{"line":39,"column":3},"end":{"line":39,"column":22}},"19":{"start":{"line":45,"column":26},"end":{"line":56,"column":2}},"20":{"start":{"line":46,"column":2},"end":{"line":55,"column":3}},"21":{"start":{"line":47,"column":3},"end":{"line":47,"column":32}},"22":{"start":{"line":49,"column":3},"end":{"line":49,"column":24}},"23":{"start":{"line":53,"column":3},"end":{"line":53,"column":22}},"24":{"start":{"line":57,"column":28},"end":{"line":70,"column":2}},"25":{"start":{"line":58,"column":2},"end":{"line":69,"column":3}},"26":{"start":{"line":59,"column":3},"end":{"line":59,"column":21}},"27":{"start":{"line":61,"column":3},"end":{"line":61,"column":26}},"28":{"start":{"line":63,"column":3},"end":{"line":63,"column":24}},"29":{"start":{"line":67,"column":3},"end":{"line":67,"column":22}},"30":{"start":{"line":71,"column":1},"end":{"line":80,"column":2}}},"fnMap":{"0":{"name":"(anonymous_0)","decl":{"start":{"line":5,"column":26},"end":{"line":5,"column":27}},"loc":{"start":{"line":5,"column":32},"end":{"line":81,"column":1}},"line":5},"1":{"name":"(anonymous_1)","decl":{"start":{"line":11,"column":29},"end":{"line":11,"column":30}},"loc":{"start":{"line":11,"column":65},"end":{"line":18,"column":2}},"line":11},"2":{"name":"(anonymous_2)","decl":{"start":{"line":21,"column":23},"end":{"line":21,"column":24}},"loc":{"start":{"line":21,"column":45},"end":{"line":31,"column":2}},"line":21},"3":{"name":"(anonymous_3)","decl":{"start":{"line":32,"column":26},"end":{"line":32,"column":27}},"loc":{"start":{"line":32,"column":52},"end":{"line":44,"column":2}},"line":32},"4":{"name":"(anonymous_4)","decl":{"start":{"line":45,"column":26},"end":{"line":45,"column":27}},"loc":{"start":{"line":45,"column":64},"end":{"line":56,"column":2}},"line":45},"5":{"name":"(anonymous_5)","decl":{"start":{"line":57,"column":28},"end":{"line":57,"column":29}},"loc":{"start":{"line":57,"column":50},"end":{"line":70,"column":2}},"line":57}},"branchMap":{"0":{"loc":{"start":{"line":11,"column":36},"end":{"line":11,"column":44}},"type":"default-arg","locations":[{"start":{"line":11,"column":43},"end":{"line":11,"column":44}}],"line":11}},"s":{"0":0,"1":0,"2":0,"3":0,"4":0,"5":0,"6":0,"7":0,"8":0,"9":0,"10":0,"11":0,"12":0,"13":0,"14":0,"15":0,"16":0,"17":0,"18":0,"19":0,"20":0,"21":0,"22":0,"23":0,"24":0,"25":0,"26":0,"27":0,"28":0,"29":0,"30":0},"f":{"0":0,"1":0,"2":0,"3":0,"4":0,"5":0},"b":{"0":[0]}}
,"/Users/victorsouza/Desktop/Developments/Teddy/src/pages/List/index.tsx": {"path":"/Users/victorsouza/Desktop/Developments/Teddy/src/pages/List/index.tsx","statementMap":{"0":{"start":{"line":19,"column":15},"end":{"line":36,"column":1}},"1":{"start":{"line":38,"column":12},"end":{"line":46,"column":1}},"2":{"start":{"line":48,"column":22},"end":{"line":55,"column":1}},"3":{"start":{"line":57,"column":12},"end":{"line":222,"column":1}},"4":{"start":{"line":58,"column":21},"end":{"line":58,"column":37}},"5":{"start":{"line":59,"column":36},"end":{"line":59,"column":55}},"6":{"start":{"line":60,"column":116},"end":{"line":60,"column":128}},"7":{"start":{"line":61,"column":30},"end":{"line":61,"column":42}},"8":{"start":{"line":63,"column":36},"end":{"line":67,"column":6}},"9":{"start":{"line":68,"column":30},"end":{"line":71,"column":6}},"10":{"start":{"line":72,"column":21},"end":{"line":72,"column":34}},"11":{"start":{"line":74,"column":32},"end":{"line":80,"column":5}},"12":{"start":{"line":75,"column":30},"end":{"line":75,"column":82}},"13":{"start":{"line":76,"column":8},"end":{"line":79,"column":12}},"14":{"start":{"line":76,"column":30},"end":{"line":79,"column":9}},"15":{"start":{"line":82,"column":28},"end":{"line":84,"column":5}},"16":{"start":{"line":83,"column":8},"end":{"line":83,"column":36}},"17":{"start":{"line":86,"column":25},"end":{"line":89,"column":5}},"18":{"start":{"line":87,"column":8},"end":{"line":87,"column":26}},"19":{"start":{"line":88,"column":8},"end":{"line":88,"column":31}},"20":{"start":{"line":91,"column":22},"end":{"line":99,"column":5}},"21":{"start":{"line":92,"column":25},"end":{"line":92,"column":48}},"22":{"start":{"line":93,"column":8},"end":{"line":97,"column":11}},"23":{"start":{"line":98,"column":8},"end":{"line":98,"column":38}},"24":{"start":{"line":100,"column":25},"end":{"line":107,"column":5}},"25":{"start":{"line":101,"column":8},"end":{"line":105,"column":11}},"26":{"start":{"line":106,"column":8},"end":{"line":106,"column":23}},"27":{"start":{"line":108,"column":25},"end":{"line":115,"column":5}},"28":{"start":{"line":109,"column":8},"end":{"line":113,"column":11}},"29":{"start":{"line":114,"column":8},"end":{"line":114,"column":23}},"30":{"start":{"line":116,"column":27},"end":{"line":119,"column":5}},"31":{"start":{"line":117,"column":8},"end":{"line":117,"column":23}},"32":{"start":{"line":118,"column":8},"end":{"line":118,"column":46}},"33":{"start":{"line":121,"column":4},"end":{"line":125,"column":11}},"34":{"start":{"line":122,"column":8},"end":{"line":124,"column":9}},"35":{"start":{"line":123,"column":12},"end":{"line":123,"column":25}},"36":{"start":{"line":127,"column":29},"end":{"line":132,"column":5}},"37":{"start":{"line":128,"column":8},"end":{"line":131,"column":12}},"38":{"start":{"line":128,"column":36},"end":{"line":131,"column":9}},"39":{"start":{"line":134,"column":24},"end":{"line":158,"column":5}},"40":{"start":{"line":135,"column":50},"end":{"line":155,"column":9}},"41":{"start":{"line":157,"column":8},"end":{"line":157,"column":42}},"42":{"start":{"line":160,"column":4},"end":{"line":221,"column":6}},"43":{"start":{"line":174,"column":39},"end":{"line":174,"column":51}},"44":{"start":{"line":198,"column":32},"end":{"line":198,"column":73}},"45":{"start":{"line":199,"column":32},"end":{"line":199,"column":56}},"46":{"start":{"line":205,"column":50},"end":{"line":205,"column":69}},"47":{"start":{"line":207,"column":32},"end":{"line":207,"column":50}},"48":{"start":{"line":208,"column":32},"end":{"line":208,"column":70}},"49":{"start":{"line":213,"column":43},"end":{"line":213,"column":74}},"50":{"start":{"line":215,"column":53},"end":{"line":215,"column":79}}},"fnMap":{"0":{"name":"(anonymous_0)","decl":{"start":{"line":57,"column":12},"end":{"line":57,"column":13}},"loc":{"start":{"line":57,"column":18},"end":{"line":222,"column":1}},"line":57},"1":{"name":"(anonymous_1)","decl":{"start":{"line":74,"column":32},"end":{"line":74,"column":33}},"loc":{"start":{"line":74,"column":77},"end":{"line":80,"column":5}},"line":74},"2":{"name":"(anonymous_2)","decl":{"start":{"line":76,"column":19},"end":{"line":76,"column":20}},"loc":{"start":{"line":76,"column":30},"end":{"line":79,"column":9}},"line":76},"3":{"name":"(anonymous_3)","decl":{"start":{"line":82,"column":28},"end":{"line":82,"column":29}},"loc":{"start":{"line":82,"column":61},"end":{"line":84,"column":5}},"line":82},"4":{"name":"(anonymous_4)","decl":{"start":{"line":86,"column":25},"end":{"line":86,"column":26}},"loc":{"start":{"line":86,"column":31},"end":{"line":89,"column":5}},"line":86},"5":{"name":"(anonymous_5)","decl":{"start":{"line":91,"column":22},"end":{"line":91,"column":23}},"loc":{"start":{"line":91,"column":44},"end":{"line":99,"column":5}},"line":91},"6":{"name":"(anonymous_6)","decl":{"start":{"line":100,"column":25},"end":{"line":100,"column":26}},"loc":{"start":{"line":100,"column":37},"end":{"line":107,"column":5}},"line":100},"7":{"name":"(anonymous_7)","decl":{"start":{"line":108,"column":25},"end":{"line":108,"column":26}},"loc":{"start":{"line":108,"column":37},"end":{"line":115,"column":5}},"line":108},"8":{"name":"(anonymous_8)","decl":{"start":{"line":116,"column":27},"end":{"line":116,"column":28}},"loc":{"start":{"line":116,"column":39},"end":{"line":119,"column":5}},"line":116},"9":{"name":"(anonymous_9)","decl":{"start":{"line":121,"column":14},"end":{"line":121,"column":15}},"loc":{"start":{"line":121,"column":20},"end":{"line":125,"column":5}},"line":121},"10":{"name":"(anonymous_10)","decl":{"start":{"line":127,"column":29},"end":{"line":127,"column":30}},"loc":{"start":{"line":127,"column":70},"end":{"line":132,"column":5}},"line":127},"11":{"name":"(anonymous_11)","decl":{"start":{"line":128,"column":20},"end":{"line":128,"column":21}},"loc":{"start":{"line":128,"column":36},"end":{"line":131,"column":9}},"line":128},"12":{"name":"(anonymous_12)","decl":{"start":{"line":134,"column":24},"end":{"line":134,"column":25}},"loc":{"start":{"line":134,"column":30},"end":{"line":158,"column":5}},"line":134},"13":{"name":"(anonymous_13)","decl":{"start":{"line":174,"column":33},"end":{"line":174,"column":34}},"loc":{"start":{"line":174,"column":39},"end":{"line":174,"column":51}},"line":174},"14":{"name":"(anonymous_14)","decl":{"start":{"line":197,"column":38},"end":{"line":197,"column":39}},"loc":{"start":{"line":197,"column":55},"end":{"line":200,"column":29}},"line":197},"15":{"name":"(anonymous_15)","decl":{"start":{"line":204,"column":39},"end":{"line":204,"column":40}},"loc":{"start":{"line":204,"column":45},"end":{"line":204,"column":47}},"line":204},"16":{"name":"(anonymous_16)","decl":{"start":{"line":205,"column":40},"end":{"line":205,"column":41}},"loc":{"start":{"line":205,"column":50},"end":{"line":205,"column":69}},"line":205},"17":{"name":"(anonymous_17)","decl":{"start":{"line":206,"column":42},"end":{"line":206,"column":43}},"loc":{"start":{"line":206,"column":52},"end":{"line":209,"column":29}},"line":206},"18":{"name":"(anonymous_18)","decl":{"start":{"line":213,"column":37},"end":{"line":213,"column":38}},"loc":{"start":{"line":213,"column":43},"end":{"line":213,"column":74}},"line":213},"19":{"name":"(anonymous_19)","decl":{"start":{"line":215,"column":42},"end":{"line":215,"column":43}},"loc":{"start":{"line":215,"column":53},"end":{"line":215,"column":79}},"line":215}},"branchMap":{"0":{"loc":{"start":{"line":75,"column":62},"end":{"line":75,"column":81}},"type":"binary-expr","locations":[{"start":{"line":75,"column":62},"end":{"line":75,"column":72}},{"start":{"line":75,"column":76},"end":{"line":75,"column":81}}],"line":75},"1":{"loc":{"start":{"line":82,"column":47},"end":{"line":82,"column":56}},"type":"default-arg","locations":[{"start":{"line":82,"column":54},"end":{"line":82,"column":56}}],"line":82},"2":{"loc":{"start":{"line":122,"column":8},"end":{"line":124,"column":9}},"type":"if","locations":[{"start":{"line":122,"column":8},"end":{"line":124,"column":9}},{"start":{},"end":{}}],"line":122},"3":{"loc":{"start":{"line":157,"column":15},"end":{"line":157,"column":41}},"type":"binary-expr","locations":[{"start":{"line":157,"column":15},"end":{"line":157,"column":33}},{"start":{"line":157,"column":37},"end":{"line":157,"column":41}}],"line":157},"4":{"loc":{"start":{"line":192,"column":13},"end":{"line":219,"column":20}},"type":"cond-expr","locations":[{"start":{"line":193,"column":16},"end":{"line":218,"column":19}},{"start":{"line":219,"column":16},"end":{"line":219,"column":20}}],"line":192}},"s":{"0":0,"1":0,"2":0,"3":0,"4":0,"5":0,"6":0,"7":0,"8":0,"9":0,"10":0,"11":0,"12":0,"13":0,"14":0,"15":0,"16":0,"17":0,"18":0,"19":0,"20":0,"21":0,"22":0,"23":0,"24":0,"25":0,"26":0,"27":0,"28":0,"29":0,"30":0,"31":0,"32":0,"33":0,"34":0,"35":0,"36":0,"37":0,"38":0,"39":0,"40":0,"41":0,"42":0,"43":0,"44":0,"45":0,"46":0,"47":0,"48":0,"49":0,"50":0},"f":{"0":0,"1":0,"2":0,"3":0,"4":0,"5":0,"6":0,"7":0,"8":0,"9":0,"10":0,"11":0,"12":0,"13":0,"14":0,"15":0,"16":0,"17":0,"18":0,"19":0},"b":{"0":[0,0],"1":[0],"2":[0,0],"3":[0,0],"4":[0,0]}}
,"/Users/victorsouza/Desktop/Developments/Teddy/src/pages/List/components/Modals/CreateClient.tsx": {"path":"/Users/victorsouza/Desktop/Developments/Teddy/src/pages/List/components/Modals/CreateClient.tsx","statementMap":{"0":{"start":{"line":16,"column":38},"end":{"line":53,"column":1}},"1":{"start":{"line":17,"column":4},"end":{"line":52,"column":6}},"2":{"start":{"line":23,"column":20},"end":{"line":23,"column":52}},"3":{"start":{"line":30,"column":20},"end":{"line":30,"column":78}},"4":{"start":{"line":37,"column":20},"end":{"line":37,"column":88}}},"fnMap":{"0":{"name":"(anonymous_0)","decl":{"start":{"line":16,"column":38},"end":{"line":16,"column":39}},"loc":{"start":{"line":16,"column":107},"end":{"line":53,"column":1}},"line":16},"1":{"name":"(anonymous_1)","decl":{"start":{"line":22,"column":26},"end":{"line":22,"column":27}},"loc":{"start":{"line":22,"column":45},"end":{"line":24,"column":17}},"line":22},"2":{"name":"(anonymous_2)","decl":{"start":{"line":29,"column":26},"end":{"line":29,"column":27}},"loc":{"start":{"line":29,"column":45},"end":{"line":31,"column":17}},"line":29},"3":{"name":"(anonymous_3)","decl":{"start":{"line":36,"column":26},"end":{"line":36,"column":27}},"loc":{"start":{"line":36,"column":45},"end":{"line":38,"column":17}},"line":36}},"branchMap":{},"s":{"0":0,"1":0,"2":0,"3":0,"4":0},"f":{"0":0,"1":0,"2":0,"3":0},"b":{}}
,"/Users/victorsouza/Desktop/Developments/Teddy/src/pages/List/components/Modals/DeleteClient.tsx": {"path":"/Users/victorsouza/Desktop/Developments/Teddy/src/pages/List/components/Modals/DeleteClient.tsx","statementMap":{"0":{"start":{"line":12,"column":38},"end":{"line":31,"column":1}},"1":{"start":{"line":13,"column":4},"end":{"line":30,"column":6}}},"fnMap":{"0":{"name":"(anonymous_0)","decl":{"start":{"line":12,"column":38},"end":{"line":12,"column":39}},"loc":{"start":{"line":12,"column":85},"end":{"line":31,"column":1}},"line":12}},"branchMap":{},"s":{"0":0,"1":0},"f":{"0":0},"b":{}}
,"/Users/victorsouza/Desktop/Developments/Teddy/src/pages/List/components/Modals/EditClient.tsx": {"path":"/Users/victorsouza/Desktop/Developments/Teddy/src/pages/List/components/Modals/EditClient.tsx","statementMap":{"0":{"start":{"line":16,"column":36},"end":{"line":53,"column":1}},"1":{"start":{"line":17,"column":4},"end":{"line":52,"column":6}},"2":{"start":{"line":23,"column":20},"end":{"line":23,"column":52}},"3":{"start":{"line":30,"column":20},"end":{"line":30,"column":78}},"4":{"start":{"line":37,"column":20},"end":{"line":37,"column":88}}},"fnMap":{"0":{"name":"(anonymous_0)","decl":{"start":{"line":16,"column":36},"end":{"line":16,"column":37}},"loc":{"start":{"line":16,"column":105},"end":{"line":53,"column":1}},"line":16},"1":{"name":"(anonymous_1)","decl":{"start":{"line":22,"column":26},"end":{"line":22,"column":27}},"loc":{"start":{"line":22,"column":45},"end":{"line":24,"column":17}},"line":22},"2":{"name":"(anonymous_2)","decl":{"start":{"line":29,"column":26},"end":{"line":29,"column":27}},"loc":{"start":{"line":29,"column":45},"end":{"line":31,"column":17}},"line":29},"3":{"name":"(anonymous_3)","decl":{"start":{"line":36,"column":26},"end":{"line":36,"column":27}},"loc":{"start":{"line":36,"column":45},"end":{"line":38,"column":17}},"line":36}},"branchMap":{},"s":{"0":0,"1":0,"2":0,"3":0,"4":0},"f":{"0":0,"1":0,"2":0,"3":0},"b":{}}
,"/Users/victorsouza/Desktop/Developments/Teddy/src/pages/Login/index.tsx": {"path":"/Users/victorsouza/Desktop/Developments/Teddy/src/pages/Login/index.tsx","statementMap":{"0":{"start":{"line":8,"column":14},"end":{"line":31,"column":1}},"1":{"start":{"line":9,"column":21},"end":{"line":9,"column":34}},"2":{"start":{"line":10,"column":30},"end":{"line":10,"column":42}},"3":{"start":{"line":11,"column":24},"end":{"line":11,"column":40}},"4":{"start":{"line":13,"column":24},"end":{"line":16,"column":5}},"5":{"start":{"line":14,"column":8},"end":{"line":14,"column":23}},"6":{"start":{"line":15,"column":8},"end":{"line":15,"column":29}},"7":{"start":{"line":18,"column":4},"end":{"line":30,"column":6}},"8":{"start":{"line":24,"column":131},"end":{"line":24,"column":146}}},"fnMap":{"0":{"name":"(anonymous_0)","decl":{"start":{"line":8,"column":14},"end":{"line":8,"column":15}},"loc":{"start":{"line":8,"column":20},"end":{"line":31,"column":1}},"line":8},"1":{"name":"(anonymous_1)","decl":{"start":{"line":13,"column":24},"end":{"line":13,"column":25}},"loc":{"start":{"line":13,"column":30},"end":{"line":16,"column":5}},"line":13},"2":{"name":"(anonymous_2)","decl":{"start":{"line":24,"column":120},"end":{"line":24,"column":121}},"loc":{"start":{"line":24,"column":131},"end":{"line":24,"column":146}},"line":24}},"branchMap":{},"s":{"0":0,"1":0,"2":0,"3":0,"4":0,"5":0,"6":0,"7":0,"8":0},"f":{"0":0,"1":0,"2":0},"b":{}}
,"/Users/victorsouza/Desktop/Developments/Teddy/src/services/user.ts": {"path":"/Users/victorsouza/Desktop/Developments/Teddy/src/services/user.ts","statementMap":{"0":{"start":{"line":24,"column":27},"end":{"line":34,"column":1}},"1":{"start":{"line":26,"column":18},"end":{"line":30,"column":3}},"2":{"start":{"line":32,"column":1},"end":{"line":32,"column":21}},"3":{"start":{"line":35,"column":27},"end":{"line":46,"column":1}},"4":{"start":{"line":37,"column":18},"end":{"line":41,"column":3}},"5":{"start":{"line":43,"column":1},"end":{"line":43,"column":21}},"6":{"start":{"line":47,"column":26},"end":{"line":51,"column":1}},"7":{"start":{"line":48,"column":18},"end":{"line":48,"column":54}},"8":{"start":{"line":50,"column":1},"end":{"line":50,"column":21}},"9":{"start":{"line":52,"column":24},"end":{"line":56,"column":1}},"10":{"start":{"line":53,"column":18},"end":{"line":53,"column":61}},"11":{"start":{"line":55,"column":1},"end":{"line":55,"column":21}},"12":{"start":{"line":57,"column":28},"end":{"line":61,"column":1}},"13":{"start":{"line":58,"column":18},"end":{"line":58,"column":56}},"14":{"start":{"line":60,"column":1},"end":{"line":60,"column":21}}},"fnMap":{"0":{"name":"(anonymous_0)","decl":{"start":{"line":24,"column":27},"end":{"line":24,"column":28}},"loc":{"start":{"line":24,"column":87},"end":{"line":34,"column":1}},"line":24},"1":{"name":"(anonymous_1)","decl":{"start":{"line":35,"column":27},"end":{"line":35,"column":28}},"loc":{"start":{"line":35,"column":66},"end":{"line":46,"column":1}},"line":35},"2":{"name":"(anonymous_2)","decl":{"start":{"line":47,"column":26},"end":{"line":47,"column":27}},"loc":{"start":{"line":47,"column":48},"end":{"line":51,"column":1}},"line":47},"3":{"name":"(anonymous_3)","decl":{"start":{"line":52,"column":24},"end":{"line":52,"column":25}},"loc":{"start":{"line":52,"column":58},"end":{"line":56,"column":1}},"line":52},"4":{"name":"(anonymous_4)","decl":{"start":{"line":57,"column":28},"end":{"line":57,"column":29}},"loc":{"start":{"line":57,"column":50},"end":{"line":61,"column":1}},"line":57}},"branchMap":{"0":{"loc":{"start":{"line":24,"column":34},"end":{"line":24,"column":50}},"type":"default-arg","locations":[{"start":{"line":24,"column":49},"end":{"line":24,"column":50}}],"line":24},"1":{"loc":{"start":{"line":24,"column":52},"end":{"line":24,"column":62}},"type":"default-arg","locations":[{"start":{"line":24,"column":60},"end":{"line":24,"column":62}}],"line":24}},"s":{"0":1,"1":1,"2":0,"3":1,"4":0,"5":0,"6":1,"7":0,"8":0,"9":1,"10":0,"11":0,"12":1,"13":0,"14":0},"f":{"0":1,"1":0,"2":0,"3":0,"4":0},"b":{"0":[1],"1":[1]},"_coverageSchema":"1a1c01bbd47fc00a2c39e90264f33305004495a9","hash":"20e1e533780b59130c52fa57c5b2a6fc3c35b58c"}
,"/Users/victorsouza/Desktop/Developments/Teddy/src/utils/formatCurrency.ts": {"path":"/Users/victorsouza/Desktop/Developments/Teddy/src/utils/formatCurrency.ts","statementMap":{"0":{"start":{"line":2,"column":1},"end":{"line":5,"column":37}},"1":{"start":{"line":9,"column":38},"end":{"line":14,"column":1}},"2":{"start":{"line":10,"column":20},"end":{"line":10,"column":44}},"3":{"start":{"line":11,"column":24},"end":{"line":11,"column":63}},"4":{"start":{"line":13,"column":1},"end":{"line":13,"column":23}},"5":{"start":{"line":16,"column":31},"end":{"line":22,"column":1}},"6":{"start":{"line":17,"column":22},"end":{"line":19,"column":20}},"7":{"start":{"line":21,"column":1},"end":{"line":21,"column":33}}},"fnMap":{"0":{"name":"formatCurency","decl":{"start":{"line":1,"column":16},"end":{"line":1,"column":29}},"loc":{"start":{"line":1,"column":45},"end":{"line":6,"column":1}},"line":1},"1":{"name":"(anonymous_1)","decl":{"start":{"line":9,"column":38},"end":{"line":9,"column":39}},"loc":{"start":{"line":9,"column":57},"end":{"line":14,"column":1}},"line":9},"2":{"name":"(anonymous_2)","decl":{"start":{"line":16,"column":31},"end":{"line":16,"column":32}},"loc":{"start":{"line":16,"column":59},"end":{"line":22,"column":1}},"line":16}},"branchMap":{},"s":{"0":1,"1":1,"2":0,"3":0,"4":0,"5":1,"6":0,"7":0},"f":{"0":1,"1":0,"2":0},"b":{},"_coverageSchema":"1a1c01bbd47fc00a2c39e90264f33305004495a9","hash":"ed624fb8ea1f3e0880c7bcbc19e1e3f3f25421b5"}
}
