TN:
SF:src/atomic/molecules/ListClients/Body.tsx
FN:10,(anonymous_0)
FN:14,(anonymous_1)
FN:37,(anonymous_2)
FN:43,(anonymous_3)
FN:50,(anonymous_4)
FNF:5
FNH:5
FNDA:2,(anonymous_0)
FNDA:20,(anonymous_1)
FNDA:1,(anonymous_2)
FNDA:1,(anonymous_3)
FNDA:1,(anonymous_4)
DA:10,2
DA:11,2
DA:15,20
DA:38,1
DA:44,1
DA:51,1
LF:6
LH:6
BRDA:13,0,0,2
BRDA:13,0,1,2
BRF:2
BRH:2
end_of_record
TN:
SF:src/atomic/molecules/ListClients/Footer.tsx
FN:6,(anonymous_0)
FN:13,(anonymous_1)
FN:22,(anonymous_2)
FNF:3
FNH:3
FNDA:2,(anonymous_0)
FNDA:1,(anonymous_1)
FNDA:2,(anonymous_2)
DA:6,2
DA:7,2
DA:13,1
DA:22,2
DA:23,2
LF:5
LH:5
BRF:0
BRH:0
end_of_record
TN:
SF:src/atomic/molecules/ListClients/Header.tsx
FN:6,(anonymous_0)
FN:24,(anonymous_1)
FNF:2
FNH:1
FNDA:2,(anonymous_0)
FNDA:0,(anonymous_1)
DA:6,2
DA:7,2
DA:25,0
LF:3
LH:2
BRF:0
BRH:0
end_of_record
TN:
SF:src/atomic/organism/ListOrganism.tsx
FN:8,(anonymous_0)
FNF:1
FNH:1
FNDA:1,(anonymous_0)
DA:8,1
DA:9,1
LF:2
LH:2
BRF:0
BRH:0
end_of_record
TN:
SF:src/context/Clients/Context.tsx
FN:6,(anonymous_0)
FN:12,(anonymous_1)
FN:16,(anonymous_2)
FNF:3
FNH:3
FNDA:1,(anonymous_0)
FNDA:1,(anonymous_1)
FNDA:1,(anonymous_2)
DA:6,1
DA:7,1
DA:12,1
DA:13,1
DA:14,0
DA:16,1
DA:17,1
DA:20,1
LF:8
LH:7
BRF:0
BRH:0
end_of_record
TN:
SF:src/context/User/Context.tsx
FN:5,(anonymous_0)
FNF:1
FNH:1
FNDA:1,(anonymous_0)
DA:5,1
DA:6,1
DA:7,1
LF:3
LH:3
BRF:0
BRH:0
end_of_record
TN:
SF:src/hooks/useClients.ts
FN:5,(anonymous_0)
FN:11,(anonymous_1)
FN:20,(anonymous_2)
FN:31,(anonymous_3)
FN:44,(anonymous_4)
FN:56,(anonymous_5)
FNF:6
FNH:6
FNDA:10,(anonymous_0)
FNDA:4,(anonymous_1)
FNDA:1,(anonymous_2)
FNDA:1,(anonymous_3)
FNDA:1,(anonymous_4)
FNDA:1,(anonymous_5)
DA:5,1
DA:6,10
DA:8,10
DA:9,10
DA:11,10
DA:12,4
DA:14,4
DA:15,4
DA:16,4
DA:20,10
DA:21,1
DA:22,1
DA:23,1
DA:26,0
DA:28,1
DA:31,10
DA:32,1
DA:33,1
DA:34,1
DA:38,1
DA:44,10
DA:45,1
DA:46,1
DA:48,1
DA:52,1
DA:56,10
DA:57,1
DA:58,1
DA:60,1
DA:62,1
DA:66,1
DA:70,10
LF:32
LH:31
BRDA:11,0,0,4
BRDA:14,1,0,4
BRDA:14,1,1,4
BRF:3
BRH:3
end_of_record
TN:
SF:src/pages/ListClients/components/Modals/CreateClient.tsx
FN:16,(anonymous_0)
FN:25,(anonymous_1)
FN:35,(anonymous_2)
FN:45,(anonymous_3)
FNF:4
FNH:4
FNDA:1,(anonymous_0)
FNDA:1,(anonymous_1)
FNDA:1,(anonymous_2)
FNDA:1,(anonymous_3)
DA:16,1
DA:17,1
DA:26,1
DA:36,1
DA:46,1
LF:5
LH:5
BRDA:20,0,0,1
BRDA:20,0,1,0
BRDA:30,1,0,1
BRDA:30,1,1,0
BRDA:40,2,0,1
BRDA:40,2,1,0
BRF:6
BRH:3
end_of_record
TN:
SF:src/pages/ListClients/components/Modals/DeleteClient.tsx
FN:12,(anonymous_0)
FNF:1
FNH:1
FNDA:1,(anonymous_0)
DA:12,1
DA:13,1
LF:2
LH:2
BRF:0
BRH:0
end_of_record
TN:
SF:src/pages/ListClients/components/Modals/EditClient.tsx
FN:16,(anonymous_0)
FN:25,(anonymous_1)
FN:35,(anonymous_2)
FN:45,(anonymous_3)
FNF:4
FNH:4
FNDA:1,(anonymous_0)
FNDA:1,(anonymous_1)
FNDA:1,(anonymous_2)
FNDA:1,(anonymous_3)
DA:16,1
DA:17,1
DA:26,1
DA:36,1
DA:46,1
LF:5
LH:5
BRDA:20,0,0,1
BRDA:20,0,1,0
BRDA:30,1,0,1
BRDA:30,1,1,0
BRDA:40,2,0,1
BRDA:40,2,1,0
BRF:6
BRH:3
end_of_record
TN:
SF:src/services/user.ts
FN:23,(anonymous_0)
FN:30,(anonymous_1)
FN:39,(anonymous_2)
FN:44,(anonymous_3)
FN:49,(anonymous_4)
FNF:5
FNH:5
FNDA:2,(anonymous_0)
FNDA:1,(anonymous_1)
FNDA:1,(anonymous_2)
FNDA:1,(anonymous_3)
FNDA:1,(anonymous_4)
DA:23,3
DA:25,2
DA:28,1
DA:30,3
DA:31,1
DA:36,1
DA:39,3
DA:40,1
DA:42,1
DA:44,3
DA:45,1
DA:47,1
DA:49,3
DA:50,1
DA:52,1
LF:15
LH:15
BRDA:23,0,0,1
BRDA:23,1,0,1
BRF:2
BRH:2
end_of_record
TN:
SF:src/utils/formatCurrency.ts
FN:1,formatCurency
FN:9,(anonymous_1)
FN:16,(anonymous_2)
FNF:3
FNH:3
FNDA:46,formatCurency
FNDA:5,(anonymous_1)
FNDA:5,(anonymous_2)
DA:2,46
DA:9,4
DA:10,5
DA:11,5
DA:13,5
DA:16,4
DA:17,5
DA:21,5
LF:8
LH:8
BRF:0
BRH:0
end_of_record
